./Makefile:32: INFO:C-A3
./zappy_server/tests/lib/buffer/test_dedup.c:20: MINOR:C-F2
./zappy_server/tests/lib/buffer/test_dedup.c:32: MINOR:C-L6
./zappy_server/tests/lib/buffer/test_dedup.c:34: MINOR:C-L6
./zappy_server/tests/lib/buffer/test_dedup.c:43: MINOR:C-F2
./zappy_server/tests/lib/buffer/test_dedup.c:58: MINOR:C-L6
./zappy_server/tests/lib/buffer/test_dedup.c:66: MINOR:C-F2
./zappy_server/tests/lib/buffer/test_dedup.c:71: MINOR:C-L6
./zappy_server/tests/lib/buffer/test_dedup.c:76: MINOR:C-F2
./zappy_server/tests/lib/buffer/test_dedup.c:82: MINOR:C-L6
./zappy_server/tests/lib/buffer/test_dedup.c:88: MINOR:C-F2
./zappy_server/tests/lib/buffer/test_dedup.c:88: MAJOR:C-O3
./zappy_server/tests/lib/buffer/test_dedup.c:95: MINOR:C-L6
./zappy_server/tests/lib/buffer/test_dedup.c:101: MINOR:C-F2
./zappy_server/tests/lib/buffer/test_dedup.c:101: MAJOR:C-O3
./zappy_server/tests/lib/buffer/test_dedup.c:109: MINOR:C-L6
./zappy_server/tests/lib/buffer/test_erase.c:15: MINOR:C-F2
./zappy_server/tests/lib/buffer/test_erase.c:22: MINOR:C-L6
./zappy_server/tests/lib/buffer/test_erase.c:30: MINOR:C-F2
./zappy_server/tests/lib/buffer/test_erase.c:37: MINOR:C-F2
./zappy_server/tests/lib/buffer/test_erase.c:44: MINOR:C-L6
./zappy_server/tests/lib/buffer/test_init.c:14: MINOR:C-F2
./zappy_server/tests/lib/buffer/test_init.c:26: MINOR:C-F2
./zappy_server/tests/lib/buffer/test_init.c:30: MINOR:C-L6
./zappy_server/tests/lib/buffer/test_init.c:35: MINOR:C-F2
./zappy_server/tests/lib/buffer/test_init.c:44: MINOR:C-L6
./zappy_server/tests/lib/buffer/test_init.c:53: MINOR:C-F2
./zappy_server/tests/lib/buffer/test_init.c:65: MINOR:C-F2
./zappy_server/tests/lib/buffer/test_init.c:68: MINOR:C-L6
./zappy_server/tests/lib/buffer/test_init.c:69: MAJOR:C-L5
./zappy_server/tests/lib/buffer/test_init.c:70: MINOR:C-L6
./zappy_server/tests/lib/buffer/test_init.c:76: MINOR:C-F2
./zappy_server/tests/lib/buffer/test_init.c:76: MAJOR:C-O3
./zappy_server/tests/lib/buffer/test_init.c:79: MINOR:C-L6
./zappy_server/tests/lib/buffer/test_init.c:82: MAJOR:C-L5
./zappy_server/tests/lib/buffer/test_init.c:83: MINOR:C-L6
./zappy_server/tests/lib/buffer/test_init.c:91: MINOR:C-F2
./zappy_server/tests/lib/buffer/test_init.c:91: MAJOR:C-O3
./zappy_server/tests/lib/buffer/test_init.c:94: MINOR:C-L6
./zappy_server/tests/lib/buffer/test_init.c:97: MAJOR:C-L5
./zappy_server/tests/lib/buffer/test_init.c:98: MINOR:C-L6
./zappy_server/tests/lib/buffer/test_init.c:108: MINOR:C-F2
./zappy_server/tests/lib/buffer/test_init.c:108: MAJOR:C-O3
./zappy_server/tests/lib/buffer/test_init.c:111: MINOR:C-L6
./zappy_server/tests/lib/buffer/test_init.c:114: MAJOR:C-L5
./zappy_server/tests/lib/buffer/test_init.c:115: MINOR:C-G7
./zappy_server/tests/lib/buffer/test_init.c:115: MINOR:C-L6
./zappy_server/tests/lib/buffer/test_init.c:117: MAJOR:C-L5
./zappy_server/tests/lib/buffer/test_init.c:118: MINOR:C-L6
./zappy_server/tests/lib/buffer/test_init.c:123: MAJOR:C-F3
./zappy_server/tests/lib/buffer/test_init.c:124: MINOR:C-L6
./zappy_server/tests/lib/buffer/test_init.c:127: MINOR:C-L6
./zappy_server/tests/lib/buffer/test_init.c:130: MAJOR:C-F4
./zappy_server/tests/lib/buffer/test_init.c:131: MAJOR:C-F4
./zappy_server/tests/lib/buffer/test_init.c:132: MAJOR:C-F4
./zappy_server/tests/lib/buffer/test_init.c:133: MAJOR:C-F4
./zappy_server/tests/lib/buffer/test_init.c:133: MINOR:C-L6
./zappy_server/tests/lib/buffer/test_init.c:134: MAJOR:C-F4
./zappy_server/tests/lib/buffer/test_init.c:135: MAJOR:C-F4
./zappy_server/tests/lib/buffer/test_init.c:136: MAJOR:C-F4
./zappy_server/tests/lib/buffer/test_init.c:137: MAJOR:C-F4
./zappy_server/tests/lib/buffer/test_init.c:138: MAJOR:C-F4
./zappy_server/tests/lib/buffer/test_init.c:139: MAJOR:C-F4
./zappy_server/tests/lib/buffer/test_init.c:140: MAJOR:C-F4
./zappy_server/tests/lib/buffer/test_init.c:143: MINOR:C-F2
./zappy_server/tests/lib/buffer/test_init.c:143: MAJOR:C-O3
./zappy_server/tests/lib/buffer/test_init.c:146: MINOR:C-L6
./zappy_server/tests/lib/buffer/test_init.c:149: MINOR:C-L6
./zappy_server/tests/lib/buffer/test_init.c:158: MINOR:C-F2
./zappy_server/tests/lib/buffer/test_init.c:158: MINOR:C-G2
./zappy_server/tests/lib/buffer/test_init.c:158: MAJOR:C-O3
./zappy_server/tests/lib/buffer/test_init.c:161: MINOR:C-L6
./zappy_server/tests/lib/buffer/test_init.c:165: MINOR:C-L6
./zappy_server/tests/lib/buffer/test_init.c:173: MAJOR:C-O3
./zappy_server/tests/lib/buffer/test_init.c:183: MINOR:C-F2
./zappy_server/tests/lib/buffer/test_init.c:183: MAJOR:C-O3
./zappy_server/tests/lib/buffer/test_init.c:186: MINOR:C-L6
./zappy_server/tests/lib/buffer/test_init.c:189: MAJOR:C-L5
./zappy_server/tests/lib/buffer/test_init.c:190: MINOR:C-L6
./zappy_server/tests/lib/buffer/test_init.c:200: MAJOR:C-O3
./zappy_server/tests/lib/buffer/test_init.c:210: MINOR:C-F2
./zappy_server/tests/lib/buffer/test_init.c:210: MAJOR:C-O3
./zappy_server/tests/lib/buffer/test_init.c:213: MINOR:C-L6
./zappy_server/tests/lib/buffer/test_init.c:216: MAJOR:C-L5
./zappy_server/tests/lib/buffer/test_init.c:217: MINOR:C-L6
./zappy_server/tests/lib/buffer/test_init.c:227: MAJOR:C-O3
./zappy_server/tests/lib/buffer/test_init.c:232: MINOR:C-F2
./zappy_server/tests/lib/buffer/test_init.c:232: MAJOR:C-O3
./zappy_server/tests/lib/buffer/test_init.c:235: MINOR:C-L6
./zappy_server/tests/lib/buffer/test_init.c:238: MAJOR:C-L5
./zappy_server/tests/lib/buffer/test_init.c:239: MINOR:C-L6
./zappy_server/tests/lib/buffer/test_init.c:248: MAJOR:C-O3
./zappy_server/tests/lib/buffer/test_init.c:253: MINOR:C-F2
./zappy_server/tests/lib/buffer/test_init.c:253: MAJOR:C-O3
./zappy_server/tests/lib/buffer/test_init.c:256: MINOR:C-L6
./zappy_server/tests/lib/buffer/test_init.c:259: MAJOR:C-L5
./zappy_server/tests/lib/buffer/test_init.c:260: MINOR:C-L6
./zappy_server/tests/lib/buffer/test_init.c:266: MAJOR:C-O3
./zappy_server/tests/lib/buffer/test_init.c:271: MINOR:C-F2
./zappy_server/tests/lib/buffer/test_init.c:271: MAJOR:C-O3
./zappy_server/tests/lib/buffer/test_init.c:274: MINOR:C-L6
./zappy_server/tests/lib/buffer/test_init.c:277: MAJOR:C-L5
./zappy_server/tests/lib/buffer/test_init.c:278: MINOR:C-L6
./zappy_server/tests/lib/buffer/test_init.c:284: MAJOR:C-O3
./zappy_server/tests/lib/buffer/test_init.c:289: MINOR:C-F2
./zappy_server/tests/lib/buffer/test_init.c:289: MAJOR:C-O3
./zappy_server/tests/lib/buffer/test_init.c:292: MINOR:C-L6
./zappy_server/tests/lib/buffer/test_init.c:295: MAJOR:C-L5
./zappy_server/tests/lib/buffer/test_init.c:296: MINOR:C-L6
./zappy_server/tests/lib/buffer/test_init.c:301: MAJOR:C-O3
./zappy_server/tests/lib/buffer/test_init.c:306: MINOR:C-F2
./zappy_server/tests/lib/buffer/test_init.c:306: MAJOR:C-O3
./zappy_server/tests/lib/buffer/test_init.c:309: MINOR:C-L6
./zappy_server/tests/lib/buffer/test_init.c:313: MINOR:C-L6
./zappy_server/tests/lib/buffer/test_init.c:320: MAJOR:C-O3
./zappy_server/tests/lib/buffer/test_init.c:325: MINOR:C-F2
./zappy_server/tests/lib/buffer/test_init.c:325: MAJOR:C-O3
./zappy_server/tests/lib/buffer/test_init.c:328: MINOR:C-L6
./zappy_server/tests/lib/buffer/test_init.c:332: MINOR:C-L6
./zappy_server/tests/lib/buffer/test_init.c:339: MINOR:C-F2
./zappy_server/tests/lib/buffer/test_init.c:339: MAJOR:C-O3
./zappy_server/tests/lib/buffer/test_init.c:342: MINOR:C-L6
./zappy_server/tests/lib/buffer/test_init.c:346: MINOR:C-L6
./zappy_server/tests/lib/buffer/test_init.c:353: MINOR:C-F2
./zappy_server/tests/lib/buffer/test_init.c:353: MAJOR:C-O3
./zappy_server/tests/lib/buffer/test_init.c:356: MINOR:C-L6
./zappy_server/tests/lib/buffer/test_init.c:361: INFO:C-A3
./zappy_server/tests/lib/buffer/test_split_off.c:15: MINOR:C-F2
./zappy_server/tests/lib/buffer/test_split_off.c:37: MINOR:C-F2
./zappy_server/tests/lib/buffer/test_split_off.c:59: MAJOR:C-F4
./zappy_server/tests/lib/buffer/test_split_off.c:60: MAJOR:C-F4
./zappy_server/tests/lib/buffer/test_split_off.c:61: MAJOR:C-F4
./zappy_server/tests/lib/buffer/test_split_off.c:62: MAJOR:C-F4
./zappy_server/tests/lib/buffer/test_split_off.c:65: MINOR:C-F2
./zappy_server/tests/lib/buffer/test_vec_append.c:15: MINOR:C-F2
./zappy_server/tests/lib/buffer/test_vec_append.c:37: MAJOR:C-F4
./zappy_server/tests/lib/buffer/test_vec_append.c:38: MAJOR:C-F4
./zappy_server/tests/lib/buffer/test_vec_append.c:41: MINOR:C-F2
./zappy_server/tests/lib/buffer/test_vec_append.c:63: MAJOR:C-F4
./zappy_server/tests/lib/buffer/test_vec_append.c:64: MAJOR:C-F4
./zappy_server/tests/lib/buffer/test_vec_append.c:65: MAJOR:C-F4
./zappy_server/tests/lib/buffer/test_vec_append.c:66: MAJOR:C-F4
./zappy_server/tests/lib/buffer/test_vec_append.c:67: MAJOR:C-F4
./zappy_server/tests/lib/buffer/test_vec_append.c:68: MAJOR:C-F4
./zappy_server/tests/lib/buffer/test_vec_at.c:14: MINOR:C-F2
./zappy_server/tests/lib/buffer/test_vec_at.c:27: MINOR:C-F2
./zappy_server/tests/lib/buffer/test_vec_at.c:40: MINOR:C-F2
./zappy_server/tests/lib/buffer/test_vec_at.c:53: MINOR:C-F2
./zappy_server/tests/lib/buffer/test_vec_at.c:66: MINOR:C-F2
./zappy_server/tests/lib/buffer/test_vec_clone.c:20: MINOR:C-F2
./zappy_server/tests/lib/buffer/test_vec_clone.c:45: MINOR:C-F2
./zappy_server/tests/lib/buffer/test_vec_extend_with.c:21: MINOR:C-F2
./zappy_server/tests/lib/buffer/test_vec_extend_with.c:28: MAJOR:C-L5
./zappy_server/tests/lib/buffer/test_vec_extend_with.c:49: MINOR:C-F2
./zappy_server/tests/lib/buffer/test_vec_extend_with.c:59: MAJOR:C-L5
./zappy_server/tests/lib/buffer/test_vec_extend_with.c:71: MAJOR:C-F4
./zappy_server/tests/lib/buffer/test_vec_extend_with.c:72: MAJOR:C-F4
./zappy_server/tests/lib/buffer/test_vec_insert.c:15: MINOR:C-F2
./zappy_server/tests/lib/buffer/test_vec_insert.c:30: MINOR:C-F2
./zappy_server/tests/lib/buffer/test_vec_insert.c:42: MINOR:C-L6
./zappy_server/tests/lib/buffer/test_vec_insert.c:53: MINOR:C-F2
./zappy_server/tests/lib/buffer/test_vec_insert.c:65: MINOR:C-F2
./zappy_server/tests/lib/buffer/test_vec_insert.c:65: MAJOR:C-F6
./zappy_server/tests/lib/buffer/test_vec_insert.c:80: MINOR:C-F2
./zappy_server/tests/lib/buffer/test_vec_insert.c:80: MAJOR:C-F6
./zappy_server/tests/lib/buffer/test_vec_insert.c:95: MINOR:C-F2
./zappy_server/tests/lib/buffer/test_vec_insert.c:95: MAJOR:C-F6
./zappy_server/tests/lib/buffer/test_vec_insert.c:95: MAJOR:C-O3
./zappy_server/tests/lib/buffer/test_vec_insert.c:110: MINOR:C-F2
./zappy_server/tests/lib/buffer/test_vec_insert.c:110: MAJOR:C-O3
./zappy_server/tests/lib/buffer/test_vec_insert.c:122: MINOR:C-F2
./zappy_server/tests/lib/buffer/test_vec_insert.c:122: MAJOR:C-O3
./zappy_server/tests/lib/buffer/test_vec_insert.c:134: MINOR:C-F2
./zappy_server/tests/lib/buffer/test_vec_insert.c:134: MAJOR:C-O3
./zappy_server/tests/lib/buffer/test_vec_insert.c:146: MINOR:C-F2
./zappy_server/tests/lib/buffer/test_vec_insert.c:146: MAJOR:C-O3
./zappy_server/tests/lib/buffer/test_vec_null_arg.c:15: MINOR:C-F2
./zappy_server/tests/lib/buffer/test_vec_null_arg.c:20: MINOR:C-L3
./zappy_server/tests/lib/buffer/test_vec_null_arg.c:21: MINOR:C-L3
./zappy_server/tests/lib/buffer/test_vec_null_arg.c:22: MINOR:C-L3
./zappy_server/tests/lib/buffer/test_vec_null_arg.c:37: MAJOR:C-F4
./zappy_server/tests/lib/buffer/test_vec_null_arg.c:38: MAJOR:C-F4
./zappy_server/tests/lib/buffer/test_vec_null_arg.c:39: MAJOR:C-F4
./zappy_server/tests/lib/buffer/test_vec_null_arg.c:40: MAJOR:C-F4
./zappy_server/tests/lib/buffer/test_vec_null_arg.c:41: MAJOR:C-F4
./zappy_server/tests/lib/buffer/test_vec_null_arg.c:42: MAJOR:C-F4
./zappy_server/tests/lib/buffer/test_vec_null_arg.c:43: INFO:C-A3
./zappy_server/tests/lib/buffer/test_vec_pop.c:15: MINOR:C-F2
./zappy_server/tests/lib/buffer/test_vec_pop.c:22: MINOR:C-L6
./zappy_server/tests/lib/buffer/test_vec_pop.c:30: MINOR:C-F2
./zappy_server/tests/lib/buffer/test_vec_pop.c:46: MINOR:C-F2
./zappy_server/tests/lib/buffer/test_vec_pop.c:53: MINOR:C-L6
./zappy_server/tests/lib/buffer/test_vec_pop.c:61: MINOR:C-F2
./zappy_server/tests/lib/buffer/test_vec_pop.c:68: MINOR:C-L6
./zappy_server/tests/lib/buffer/test_vec_pop.c:76: MINOR:C-F2
./zappy_server/tests/lib/buffer/test_vec_pop.c:83: MINOR:C-L6
./zappy_server/tests/lib/buffer/test_vec_remove.c:15: MINOR:C-F2
./zappy_server/tests/lib/buffer/test_vec_remove.c:22: MINOR:C-L6
./zappy_server/tests/lib/buffer/test_vec_remove.c:33: MINOR:C-F2
./zappy_server/tests/lib/buffer/test_vec_remove.c:49: MINOR:C-F2
./zappy_server/tests/lib/buffer/test_vec_remove.c:62: MINOR:C-F2
./zappy_server/tests/lib/buffer/test_vec_remove.c:69: MINOR:C-L6
./zappy_server/tests/lib/buffer/test_vec_remove.c:80: MINOR:C-F2
./zappy_server/tests/lib/buffer/test_vec_remove.c:87: MINOR:C-L6
./zappy_server/tests/lib/buffer/test_vec_remove.c:98: MINOR:C-F2
./zappy_server/tests/lib/buffer/test_vec_remove.c:98: MAJOR:C-O3
./zappy_server/tests/lib/buffer/test_vec_remove.c:105: MINOR:C-L6
./zappy_server/tests/lib/buffer/test_vec_remove.c:116: MINOR:C-F2
./zappy_server/tests/lib/buffer/test_vec_remove.c:116: MAJOR:C-O3
./zappy_server/tests/lib/buffer/test_vec_remove.c:126: MINOR:C-F2
./zappy_server/tests/lib/buffer/test_vec_remove.c:126: MAJOR:C-O3
./zappy_server/tests/lib/buffer/test_vec_remove.c:133: MINOR:C-L6
./zappy_server/tests/lib/buffer/test_vec_remove.c:144: MINOR:C-F2
./zappy_server/tests/lib/buffer/test_vec_remove.c:144: MAJOR:C-O3
./zappy_server/tests/lib/buffer/test_vec_remove.c:160: MINOR:C-F2
./zappy_server/tests/lib/buffer/test_vec_remove.c:160: MAJOR:C-O3
./zappy_server/tests/lib/buffer/test_vec_remove.c:173: MINOR:C-F2
./zappy_server/tests/lib/buffer/test_vec_remove.c:173: MAJOR:C-O3
./zappy_server/tests/lib/buffer/test_vec_remove.c:180: MINOR:C-L6
./zappy_server/tests/lib/buffer/test_vec_remove.c:191: MINOR:C-F2
./zappy_server/tests/lib/buffer/test_vec_remove.c:191: MAJOR:C-O3
./zappy_server/tests/lib/buffer/test_vec_remove.c:198: MINOR:C-L6
./zappy_server/tests/lib/buffer/test_vec_remove.c:209: MINOR:C-F2
./zappy_server/tests/lib/buffer/test_vec_remove.c:209: MAJOR:C-O3
./zappy_server/tests/lib/buffer/test_vec_remove.c:216: MINOR:C-L6
./zappy_server/tests/lib/buffer/test_vec_remove.c:227: MINOR:C-F2
./zappy_server/tests/lib/buffer/test_vec_remove.c:227: MAJOR:C-O3
./zappy_server/tests/lib/buffer/test_vec_remove.c:235: INFO:C-A3
